[debug] ----------------------------------------------------------------------
[debug] Command:      C:\Program Files\nodejs\node.exe C:\Users\hp2\AppData\Roaming\npm\node_modules\firebase-tools\bin\firebase deploy
[debug] CLI Version:  3.5.0
[debug] Platform:     win32
[debug] Node Version: v7.4.0
[debug] Time:         Mon Sep 18 2017 20:05:57 GMT+0500 (Pakistan Standard Time)
[debug] ----------------------------------------------------------------------
[debug] 
[debug] > command requires scopes: ["email","openid","https://www.googleapis.com/auth/cloudplatformprojects.readonly","https://www.googleapis.com/auth/firebase"]
[debug] > refreshing access token with scopes: ["email","https://www.googleapis.com/auth/cloudplatformprojects.readonly","https://www.googleapis.com/auth/firebase","openid"]
[debug] >>> HTTP REQUEST POST https://www.googleapis.com/oauth2/v3/token { refresh_token: '1/IAy1JiLYhEnrbPdfMbwF17CkDI3gLtwNLWqDb7blq4pIKcw73a6ULM7CmyJp6vXn',
  client_id: '563584335869-fgrhgmd47bqnekij5i8b5pr03ho849e6.apps.googleusercontent.com',
  client_secret: 'j9iVZfS8kkCEFUPaAeJV0sAi',
  grant_type: 'refresh_token',
  scope: 'email https://www.googleapis.com/auth/cloudplatformprojects.readonly https://www.googleapis.com/auth/firebase openid' } 
 Mon Sep 18 2017 20:05:58 GMT+0500 (Pakistan Standard Time)
[debug] <<< HTTP RESPONSE 200
[debug] >>> HTTP REQUEST GET https://admin.firebase.com/v1/projects/togolese-entertainment-tv  
 Mon Sep 18 2017 20:05:59 GMT+0500 (Pakistan Standard Time)
[debug] <<< HTTP RESPONSE 200
[debug] >>> HTTP REQUEST GET https://admin.firebase.com/v1/database/togolese-entertainment-tv/tokens  
 Mon Sep 18 2017 20:06:00 GMT+0500 (Pakistan Standard Time)
[debug] <<< HTTP RESPONSE 200
[info] 
[info] === Deploying to 'togolese-entertainment-tv'...
[info] 
[info] i  deploying hosting
[info] i  hosting: preparing public directory for upload...
[debug] >>> HTTP REQUEST PUT https://deploy.firebase.com/v1/hosting/togolese-entertainment-tv/uploads/-KuKWaPin2rTIJrWsGw_?fileCount=99&message=  
 Mon Sep 18 2017 20:06:07 GMT+0500 (Pakistan Standard Time)
